

Microchip Technology PIC LITE Macro Assembler V1.43 build -156212558 
                                                                                               Sat Sep  2 15:18:38 2017

Microchip Technology Omniscient Code Generator v1.43 (Free mode) build 201707250354
     1                           	processor	12F508
     2                           	opt	pw 120
     3                           	opt	lm
     4                           	psect	cinit,global,class=ENTRY,merge=1,delta=2
     5                           	psect	cstackBANK0,global,class=BANK0,space=1,delta=1
     6                           	psect	maintext,global,class=CODE,split=1,delta=2
     7                           	dabs	1,0x1C,4
     8  0000                     
     9                           ; Version 1.43
    10                           ; Generated 25/07/2017 GMT
    11                           ; 
    12                           ; Copyright © 2017, Microchip Technology Inc. and its subsidiaries ("Microchip")
    13                           ; All rights reserved.
    14                           ; 
    15                           ; This software is developed by Microchip Technology Inc. and its subsidiaries ("Microch
      +                          ip").
    16                           ; 
    17                           ; Redistribution and use in source and binary forms, with or without modification, are
    18                           ; permitted provided that the following conditions are met:
    19                           ; 
    20                           ;     1. Redistributions of source code must retain the above copyright notice, this lis
      +                          t of
    21                           ;        conditions and the following disclaimer.
    22                           ; 
    23                           ;     2. Redistributions in binary form must reproduce the above copyright notice, this 
      +                          list
    24                           ;        of conditions and the following disclaimer in the documentation and/or other
    25                           ;        materials provided with the distribution.
    26                           ; 
    27                           ;     3. Microchip's name may not be used to endorse or promote products derived from th
      +                          is
    28                           ;        software without specific prior written permission.
    29                           ; 
    30                           ; THIS SOFTWARE IS PROVIDED BY MICROCHIP "AS IS" AND ANY EXPRESS OR IMPLIED WARRANTIES,
    31                           ; INCLUDING, BUT NOT LIMITED TO, THE IMPLIED WARRANTIES OF MERCHANTABILITY AND FITNESS F
      +                          OR
    32                           ; PURPOSE ARE DISCLAIMED.  IN NO EVENT SHALL MICROCHIP BE LIABLE FOR ANY DIRECT, INDIREC
      +                          T,
    33                           ; INCIDENTAL, SPECIAL, EXEMPLARY, OR CONSEQUENTIAL DAMAGES (INCLUDING BUT NOT LIMITED TO
    34                           ; PROCUREMENT OF SUBSTITUTE GOODS OR SERVICES; LOSS OF USE, DATA OR PROFITS; OR BUSINESS
    35                           ; INTERRUPTION) HOWSOEVER CAUSED AND ON ANY THEORY OF LIABILITY, WHETHER IN CONTRACT, ST
      +                          RICT
    36                           ; LIABILITY, OR TORT (INCLUDING NEGLIGENCE OR OTHERWISE) ARISING IN ANY WAY OUT OF THE U
      +                          SE OF
    37                           ; THIS SOFTWARE, EVEN IF ADVISED OF THE POSSIBILITY OF SUCH DAMAGE.
    38                           ; 
    39                           ; 
    40                           ; Code-generator required, PIC12F508 Definitions
    41                           ; 
    42                           ; SFR Addresses
    43  0000                     	;# 
    44  0001                     	;# 
    45  0002                     	;# 
    46  0003                     	;# 
    47  0004                     	;# 
    48  0005                     	;# 
    49  0006                     	;# 
    50  0006                     _GPIObits	set	6
    51  0006                     _TRISGPIO	set	6
    52  0000                     _OPTION	set	0
    53                           
    54                           ; #config settings
    55  0000                     
    56                           	psect	cinit
    57  001                     start_initialization:	
    58  001                     __initialization:	
    59  001                     end_of_initialization:	
    60                           ;End of C runtime variable initialization code
    61                           
    62  001                     __end_of__initialization:	
    63  001  064                	clrf	4
    64  002  BDE                	ljmp	_main	;jump to C main() function
    65                           
    66                           	psect	cstackBANK0
    67  007                     __pcstackBANK0:	
    68  007                     ?_main:	
    69  007                     ??_main:	
    70                           ; 1 bytes @ 0x0
    71                           
    72                           
    73                           ; 1 bytes @ 0x0
    74  007                     	ds	3
    75                           
    76                           	psect	maintext
    77  1DE                     __pmaintext:	
    78 ;;
    79 ;;Main: autosize = 0, tempsize = 3, incstack = 0, save=0
    80 ;;
    81 ;; *************** function _main *****************
    82 ;; Defined at:
    83 ;;		line 26 in file "main.c"
    84 ;; Parameters:    Size  Location     Type
    85 ;;		None
    86 ;; Auto vars:     Size  Location     Type
    87 ;;		None
    88 ;; Return value:  Size  Location     Type
    89 ;;                  1   12[None  ] void 
    90 ;; Registers used:
    91 ;;		wreg, fsr0l, fsr0h
    92 ;; Tracked objects:
    93 ;;		On entry : B00/0
    94 ;;		On exit  : 0/0
    95 ;;		Unchanged: 0/0
    96 ;; Data sizes:     COMMON   BANK0
    97 ;;      Params:         0       0
    98 ;;      Locals:         0       0
    99 ;;      Temps:          0       3
   100 ;;      Totals:         0       3
   101 ;;Total ram usage:        3 bytes
   102 ;; This function calls:
   103 ;;		Nothing
   104 ;; This function is called by:
   105 ;;		Startup code after reset
   106 ;; This function uses a non-reentrant model
   107 ;;
   108                           
   109                           
   110                           ;psect for function _main
   111  1DE                     _main:	
   112                           
   113                           ;main.c: 28: OPTION = 0b00000000;
   114                           
   115                           ;incstack = 0
   116                           ; Regs used in _main: [wregfsr0]
   117  1DE  C00                	movlw	0
   118  1DF  002                	option
   119                           
   120                           ;main.c: 29: TRISGPIO = 0b000000;
   121  1E0  C00                	movlw	0
   122  1E1  006                	tris	6
   123  1E2                     l402:	
   124                           ;main.c: 32: while(1)
   125                           
   126                           
   127                           ;main.c: 33: {
   128                           ;main.c: 35: GPIObits.GP0 = 1;
   129  1E2  506                	bsf	6,0	;volatile
   130                           
   131                           ;main.c: 36: _delay((unsigned long)((1000)*(4000000/4000.0)));
   132  1E3  C06                	movlw	6
   133  1E4  029                	movwf	??_main+2
   134  1E5  C13                	movlw	19
   135  1E6  028                	movwf	??_main+1
   136  1E7  CAD                	movlw	173
   137  1E8  027                	movwf	??_main
   138  1E9                     u17:	
   139  1E9  2E7                	decfsz	??_main,f
   140  1EA  BE9                	goto	u17
   141  1EB  2E8                	decfsz	??_main+1,f
   142  1EC  BE9                	goto	u17
   143  1ED  2E9                	decfsz	??_main+2,f
   144  1EE  BE9                	goto	u17
   145  1EF  BF0                	nop2
   146                           
   147                           ;main.c: 38: GPIObits.GP0 = 0;
   148  1F0  406                	bcf	6,0	;volatile
   149                           
   150                           ;main.c: 39: _delay((unsigned long)((1000)*(4000000/4000.0)));
   151  1F1  C06                	movlw	6
   152  1F2  029                	movwf	??_main+2
   153  1F3  C13                	movlw	19
   154  1F4  028                	movwf	??_main+1
   155  1F5  CAD                	movlw	173
   156  1F6  027                	movwf	??_main
   157  1F7                     u27:	
   158  1F7  2E7                	decfsz	??_main,f
   159  1F8  BF7                	goto	u27
   160  1F9  2E8                	decfsz	??_main+1,f
   161  1FA  BF7                	goto	u27
   162  1FB  2E9                	decfsz	??_main+2,f
   163  1FC  BF7                	goto	u27
   164  1FD  BFE                	nop2
   165  1FE  BE2                	goto	l402
   166  1FF                     __end_of_main:	
   167  001C                     btemp	set	28	;btemp
   168  001C                     wtemp0	set	28
   169  001E                     wtemp1	set	30
   170  001C                     ttemp0	set	28
   171  001C                     ltemp0	set	28


Data Sizes:
    Strings     0
    Constant    0
    Data        0
    BSS         0
    Persistent  0
    Stack       0

Auto Spaces:
    Space          Size  Autos    Used
    COMMON            0      0       0
    BANK0            23      3       3

Pointer List with Targets:

    None.

Critical Paths under _main in COMMON

    None.

Critical Paths under _main in BANK0

    None.

Call Graph Tables:

 ---------------------------------------------------------------------------------
 (Depth) Function   	        Calls       Base Space   Used Autos Params    Refs
 ---------------------------------------------------------------------------------
 (0) _main                                                 3     3      0       0
                                              0 BANK0      3     3      0
 ---------------------------------------------------------------------------------
 Estimated maximum stack depth 0
 ---------------------------------------------------------------------------------

 Call Graph Graphs:

 _main (ROOT)

 Address spaces:
Name               Size   Autos  Total    Cost      Usage
BITCOMMON            0      0       0       0        0.0%
NULL                 0      0       0       0        0.0%
CODE                 0      0       0       0        0.0%
BITSFR0              0      0       0       1        0.0%
SFR0                 0      0       0       1        0.0%
COMMON               0      0       0       1        0.0%
STACK                0      0       0       2        0.0%
BANK0               17      3       3       3       13.0%
ABS                  0      0       0       4        0.0%
BITBANK0            17      0       0       5        0.0%
DATA                 0      0       0       6        0.0%


Microchip Technology PIC Macro Assembler V1.43 build -156212558 
Symbol Table                                                                                   Sat Sep  2 15:18:38 2017

            __CFG_CP$OFF 0000                       u17 01E9                       u27 01F7  
                     fsr 0004                      l402 01E2             __CFG_WDT$OFF 0000  
                   _main 01DE                     btemp 001C                     start 0000  
          __CFG_MCLRE$ON 0000                    ?_main 0007                    ltemp0 001C  
                  ttemp0 001C                    wtemp0 001C                    wtemp1 001E  
        __initialization 0001             __end_of_main 01FF                   ??_main 0007  
         __CFG_OSC$IntRC 0000                   _OPTION 0000  __end_of__initialization 0001  
             __pmaintext 01DE     end_of_initialization 0001      start_initialization 0001  
              ___latbits 0000            __pcstackBANK0 0007                 _GPIObits 0006  
               _TRISGPIO 0006            __size_of_main 0021  
